15:58:12,230  INFO LogTest:21 - Info
15:58:12,230  WARN LogTest:22 - Warn
15:58:12,266 ERROR LogTest:23 - Error
15:58:12,266 FATAL LogTest:24 - Fatal
16:36:47,898  INFO LogTest:14 - Info
16:36:47,898  WARN LogTest:15 - Warn
16:36:47,901 ERROR LogTest:16 - Error
16:36:47,901 FATAL LogTest:17 - Fatal
16:37:01,396 ERROR FileReader:19 - excel.PriceReaderException: Name cell is not of string type
16:37:32,887  INFO FileReader:78 - Non-Standart model string format: 16"Talisman (chrome)
16:37:32,890  INFO FileReader:78 - Non-Standart model string format: 16" Pilot 180 
(2013)
16:37:32,890  INFO FileReader:78 - Non-Standart model string format: 16" Pilot 180 
(новый дизайн)
16:37:32,896  INFO FileReader:78 - Non-Standart model string format: 20" Pilot 200 Girl
(новый дизайн)
16:37:32,898  INFO FileReader:78 - Non-Standart model string format: 20" Pilot 220 Girl
(новый дизайн)
16:37:32,899  INFO FileReader:78 - Non-Standart model string format: 24" Pilot 830
(2013)
16:37:32,899  INFO FileReader:78 - Non-Standart model string format: 24" Pilot 830
(новый дизайн)
16:37:32,902  INFO FileReader:78 - Non-Standart model string format: 24" Navigator 400
(новый дизайн)
16:37:32,902  INFO FileReader:78 - Non-Standart model string format: 24" Navigator 410
(новый дизайн)
16:37:32,903  INFO FileReader:78 - Non-Standart model string format: 24" Navigator 450
(новый дизайн)
16:37:32,903  INFO FileReader:78 - Non-Standart model string format: 24" Navigator 460
(новая модель)
16:37:32,904  INFO FileReader:78 - Non-Standart model string format: 24" Navigator 470
(новый дизайн)
16:37:32,904  INFO FileReader:78 - Non-Standart model string format: 24" Navigator 470 Disc
(новая модель)
16:37:32,904  INFO FileReader:78 - Non-Standart model string format: 26" Aggressor 
(новый дизайн)
16:37:32,905  INFO FileReader:78 - Non-Standart model string format: 26" Navigator 170 Gent
(новая модель)
16:37:32,905  INFO FileReader:78 - Non-Standart model string format: 26" Navigator 170 Lady
(новая модель)
16:37:32,905  INFO FileReader:78 - Non-Standart model string format: 26" Navigator 500
(новый дизайн)
16:37:32,905  INFO FileReader:78 - Non-Standart model string format: 26" Navigator 530
(новый дизайн)
16:37:32,906  INFO FileReader:78 - Non-Standart model string format: 26" Navigator 550
(новый дизайн)
16:37:32,906  INFO FileReader:78 - Non-Standart model string format: 26" Navigator 600
(новый дизайн)
16:37:32,907  INFO FileReader:78 - Non-Standart model string format: 26" Navigator 690 Disc
(2013)
16:37:32,908  INFO FileReader:78 - Non-Standart model string format: 26" Navigator 690 Disc
(новая модель)
16:37:32,908  INFO FileReader:78 - Non-Standart model string format: 27,5" Navigator 710 Disc
(новая модель)
16:37:32,908  INFO FileReader:78 - Non-Standart model string format: 26" Navigator 730 
2013
16:37:32,909  INFO FileReader:78 - Non-Standart model string format: 26" Navigator 730 Disc
2013
16:37:32,909  INFO FileReader:78 - Non-Standart model string format: 27,5" Navigator 730 Disc
(новая модель)
16:37:32,909  INFO FileReader:78 - Non-Standart model string format: 26" Navigator 750
2013
16:37:32,909  INFO FileReader:78 - Non-Standart model string format: 26" Navigator 750 Disc
2013
16:37:32,909  INFO FileReader:78 - Non-Standart model string format: 27,5" Navigator 750 Disc
(новая модель)
16:37:32,909  INFO FileReader:78 - Non-Standart model string format: 26" Navigator 770
2013
16:37:32,909  INFO FileReader:78 - Non-Standart model string format: 26" Navigator 770 Disc
2013
16:37:32,910  INFO FileReader:78 - Non-Standart model string format: 27,5" Navigator 770 Disc
(новая модель)
16:37:32,910  INFO FileReader:78 - Non-Standart model string format: 27,5" Navigator 790 Disc
(новая модель)
16:37:32,910  INFO FileReader:78 - Non-Standart model string format: 26" Navigator 800
(новый дизайн)
16:37:32,912  INFO FileReader:78 - Non-Standart model string format: 26" Navigator 890 Disc
(новая модель)
16:37:32,912  INFO FileReader:78 - Non-Standart model string format: 26" Miss 5000
(новый дизайн)
16:37:32,913  INFO FileReader:78 - Non-Standart model string format: 26" Miss 6000
(новый дизайн)
16:37:32,913  INFO FileReader:78 - Non-Standart model string format: 26" Miss 6100
(новый дизайн)
16:37:32,913  INFO FileReader:78 - Non-Standart model string format: 26" Miss 6300
(новый дизайн)
16:37:32,913  INFO FileReader:78 - Non-Standart model string format: 26" Miss 6500 
(2013)
16:37:32,913  INFO FileReader:78 - Non-Standart model string format: 26" Miss 6500 
(новый дизайн)
16:37:32,913  INFO FileReader:78 - Non-Standart model string format: 26" Miss 6700 
(2013)
16:37:32,914  INFO FileReader:78 - Non-Standart model string format: 26" Miss 6700 
(новый дизайн)
16:37:32,915  INFO FileReader:78 - Non-Standart model string format: 26" Miss 7900
(новая модель)
16:37:32,916  INFO FileReader:78 - Non-Standart model string format: 26" Miss 9100
(новый дизайн)
16:37:32,916  INFO FileReader:78 - Non-Standart model string format: 26" Miss 9300
(новый дизайн)
16:37:32,917  INFO FileReader:78 - Non-Standart model string format: 26" Miss 9500
(новый дизайн)
16:37:32,918  INFO FileReader:78 - Non-Standart model string format: 24" CHALLENGER
(новый дизайн)
16:37:32,919  INFO FileReader:78 - Non-Standart model string format: 26" CHALLENGER
(новый дизайн)
16:37:32,919  INFO FileReader:78 - Non-Standart model string format: 26" CHALLENGER Disc
(новый дизайн)
16:37:32,919  INFO FileReader:78 - Non-Standart model string format: 26" ADRENALIN
(новый дизайн)
16:37:32,920  INFO FileReader:78 - Non-Standart model string format: 26" ADRENALIN Disc
(новый дизайн)
16:37:32,920  INFO FileReader:78 - Non-Standart model string format: 26" Voyager
(2013)
16:37:32,920  INFO FileReader:78 - Non-Standart model string format: 26" Voyager
(новый дизайн)
16:37:32,920  INFO FileReader:78 - Non-Standart model string format: 26" NAVIGATOR
(новый дизайн)
16:37:32,920  INFO FileReader:78 - Non-Standart model string format: 26" NAVIGATOR Disc
(новый дизайн)
16:37:32,920  INFO FileReader:78 - Non-Standart model string format: 26" TORNADO
(новая модель)
16:37:32,920  INFO FileReader:78 - Non-Standart model string format: 26" TORNADO Disc
(новая модель)
16:37:32,921  INFO FileReader:78 - Non-Standart model string format: 26" Navigator 130 Gent 1-sp
(новый дизайн)
16:37:32,921  INFO FileReader:78 - Non-Standart model string format: 26" Navigator 130 Lady 1-sp
(новый дизайн)
16:37:32,921  INFO FileReader:78 - Non-Standart model string format: 26" Navigator 130 Gent 3-sp
(новая модель)
16:37:32,921  INFO FileReader:78 - Non-Standart model string format: 26" Navigator 130 Lady 3-sp
(новая модель)
16:37:32,921  INFO FileReader:78 - Non-Standart model string format: 26" Navigator 150 Gent 1-sp
(новая модель)
16:37:32,921  INFO FileReader:78 - Non-Standart model string format: 26" Navigator 150 Lady 1-sp
(новая модель)
16:37:32,922  INFO FileReader:78 - Non-Standart model string format: 26" Navigator 150 Gent 3-sp
(новая модель)
16:37:32,922  INFO FileReader:78 - Non-Standart model string format: 26" Navigator 150 Lady 3-sp
(новая модель)
16:37:32,922  INFO FileReader:78 - Non-Standart model string format: 700C Cross 110 Lady
(новая модель)
16:37:32,922  INFO FileReader:78 - Non-Standart model string format: 700C Cross 110 Gent
(новая модель)
16:37:32,922  INFO FileReader:78 - Non-Standart model string format: 700C Cross 130 Gent  
(2013)
16:37:32,923  INFO FileReader:78 - Non-Standart model string format: 700C Cross 130 Gent                         (новая модель)
16:37:32,923  INFO FileReader:78 - Non-Standart model string format: 700C Cross 130 Lady                                    (новая модель)
16:37:32,923  INFO FileReader:78 - Non-Standart model string format: 700C Cross 150 Gent  
(2013)
16:37:32,923  INFO FileReader:78 - Non-Standart model string format: 700C Cross 150 Gent                            (новый дизайн)
16:37:32,923  INFO FileReader:78 - Non-Standart model string format: 700C Cross 150 Lady

16:37:32,923  INFO FileReader:78 - Non-Standart model string format: 700C Cross 170 Gent
16:37:32,923  INFO FileReader:78 - Non-Standart model string format: 700C Cross 170 Lady
16:37:32,925  INFO FileReader:78 - Non-Standart model string format: 26" ENERGY V
(новая модель)
16:37:32,926  INFO FileReader:78 - Non-Standart model string format: 20" BMX Tyrant
(новая модель)
16:37:32,926  INFO FileReader:78 - Non-Standart model string format: 20" BMX Saber S1
(новая модель)
16:37:32,926  INFO FileReader:78 - Non-Standart model string format: 20" BMX Saber S2
(новая модель)
16:37:32,926 ERROR FileReader:19 - java.lang.NullPointerException
16:42:31,413  INFO FileReader:79 - Non-Standart model string format: 16"Talisman (chrome)
16:42:31,416  INFO FileReader:79 - Non-Standart model string format: 16" Pilot 180 
(2013)
16:42:31,416  INFO FileReader:79 - Non-Standart model string format: 16" Pilot 180 
(новый дизайн)
16:42:31,421  INFO FileReader:79 - Non-Standart model string format: 20" Pilot 200 Girl
(новый дизайн)
16:42:31,422  INFO FileReader:79 - Non-Standart model string format: 20" Pilot 220 Girl
(новый дизайн)
16:42:31,423  INFO FileReader:79 - Non-Standart model string format: 24" Pilot 830
(2013)
16:42:31,423  INFO FileReader:79 - Non-Standart model string format: 24" Pilot 830
(новый дизайн)
16:42:31,427  INFO FileReader:79 - Non-Standart model string format: 24" Navigator 400
(новый дизайн)
16:42:31,427  INFO FileReader:79 - Non-Standart model string format: 24" Navigator 410
(новый дизайн)
16:42:31,429  INFO FileReader:79 - Non-Standart model string format: 24" Navigator 450
(новый дизайн)
16:42:31,429  INFO FileReader:79 - Non-Standart model string format: 24" Navigator 460
(новая модель)
16:42:31,429  INFO FileReader:79 - Non-Standart model string format: 24" Navigator 470
(новый дизайн)
16:42:31,430  INFO FileReader:79 - Non-Standart model string format: 24" Navigator 470 Disc
(новая модель)
16:42:31,430  INFO FileReader:79 - Non-Standart model string format: 26" Aggressor 
(новый дизайн)
16:42:31,430  INFO FileReader:79 - Non-Standart model string format: 26" Navigator 170 Gent
(новая модель)
16:42:31,431  INFO FileReader:79 - Non-Standart model string format: 26" Navigator 170 Lady
(новая модель)
16:42:31,431  INFO FileReader:79 - Non-Standart model string format: 26" Navigator 500
(новый дизайн)
16:42:31,432  INFO FileReader:79 - Non-Standart model string format: 26" Navigator 530
(новый дизайн)
16:42:31,432  INFO FileReader:79 - Non-Standart model string format: 26" Navigator 550
(новый дизайн)
16:42:31,433  INFO FileReader:79 - Non-Standart model string format: 26" Navigator 600
(новый дизайн)
16:42:31,435  INFO FileReader:79 - Non-Standart model string format: 26" Navigator 690 Disc
(2013)
16:42:31,435  INFO FileReader:79 - Non-Standart model string format: 26" Navigator 690 Disc
(новая модель)
16:42:31,436  INFO FileReader:79 - Non-Standart model string format: 27,5" Navigator 710 Disc
(новая модель)
16:42:31,436  INFO FileReader:79 - Non-Standart model string format: 26" Navigator 730 
2013
16:42:31,436  INFO FileReader:79 - Non-Standart model string format: 26" Navigator 730 Disc
2013
16:42:31,437  INFO FileReader:79 - Non-Standart model string format: 27,5" Navigator 730 Disc
(новая модель)
16:42:31,437  INFO FileReader:79 - Non-Standart model string format: 26" Navigator 750
2013
16:42:31,437  INFO FileReader:79 - Non-Standart model string format: 26" Navigator 750 Disc
2013
16:42:31,437  INFO FileReader:79 - Non-Standart model string format: 27,5" Navigator 750 Disc
(новая модель)
16:42:31,437  INFO FileReader:79 - Non-Standart model string format: 26" Navigator 770
2013
16:42:31,438  INFO FileReader:79 - Non-Standart model string format: 26" Navigator 770 Disc
2013
16:42:31,438  INFO FileReader:79 - Non-Standart model string format: 27,5" Navigator 770 Disc
(новая модель)
16:42:31,438  INFO FileReader:79 - Non-Standart model string format: 27,5" Navigator 790 Disc
(новая модель)
16:42:31,438  INFO FileReader:79 - Non-Standart model string format: 26" Navigator 800
(новый дизайн)
16:42:31,440  INFO FileReader:79 - Non-Standart model string format: 26" Navigator 890 Disc
(новая модель)
16:42:31,441  INFO FileReader:79 - Non-Standart model string format: 26" Miss 5000
(новый дизайн)
16:42:31,441  INFO FileReader:79 - Non-Standart model string format: 26" Miss 6000
(новый дизайн)
16:42:31,442  INFO FileReader:79 - Non-Standart model string format: 26" Miss 6100
(новый дизайн)
16:42:31,442  INFO FileReader:79 - Non-Standart model string format: 26" Miss 6300
(новый дизайн)
16:42:31,442  INFO FileReader:79 - Non-Standart model string format: 26" Miss 6500 
(2013)
16:42:31,443  INFO FileReader:79 - Non-Standart model string format: 26" Miss 6500 
(новый дизайн)
16:42:31,443  INFO FileReader:79 - Non-Standart model string format: 26" Miss 6700 
(2013)
16:42:31,443  INFO FileReader:79 - Non-Standart model string format: 26" Miss 6700 
(новый дизайн)
16:42:31,445  INFO FileReader:79 - Non-Standart model string format: 26" Miss 7900
(новая модель)
16:42:31,446  INFO FileReader:79 - Non-Standart model string format: 26" Miss 9100
(новый дизайн)
16:42:31,446  INFO FileReader:79 - Non-Standart model string format: 26" Miss 9300
(новый дизайн)
16:42:31,447  INFO FileReader:79 - Non-Standart model string format: 26" Miss 9500
(новый дизайн)
16:42:31,447  INFO FileReader:79 - Non-Standart model string format: 24" CHALLENGER
(новый дизайн)
16:42:31,448  INFO FileReader:79 - Non-Standart model string format: 26" CHALLENGER
(новый дизайн)
16:42:31,448  INFO FileReader:79 - Non-Standart model string format: 26" CHALLENGER Disc
(новый дизайн)
16:42:31,449  INFO FileReader:79 - Non-Standart model string format: 26" ADRENALIN
(новый дизайн)
16:42:31,449  INFO FileReader:79 - Non-Standart model string format: 26" ADRENALIN Disc
(новый дизайн)
16:42:31,449  INFO FileReader:79 - Non-Standart model string format: 26" Voyager
(2013)
16:42:31,450  INFO FileReader:79 - Non-Standart model string format: 26" Voyager
(новый дизайн)
16:42:31,450  INFO FileReader:79 - Non-Standart model string format: 26" NAVIGATOR
(новый дизайн)
16:42:31,450  INFO FileReader:79 - Non-Standart model string format: 26" NAVIGATOR Disc
(новый дизайн)
16:42:31,450  INFO FileReader:79 - Non-Standart model string format: 26" TORNADO
(новая модель)
16:42:31,450  INFO FileReader:79 - Non-Standart model string format: 26" TORNADO Disc
(новая модель)
16:42:31,450  INFO FileReader:79 - Non-Standart model string format: 26" Navigator 130 Gent 1-sp
(новый дизайн)
16:42:31,450  INFO FileReader:79 - Non-Standart model string format: 26" Navigator 130 Lady 1-sp
(новый дизайн)
16:42:31,451  INFO FileReader:79 - Non-Standart model string format: 26" Navigator 130 Gent 3-sp
(новая модель)
16:42:31,451  INFO FileReader:79 - Non-Standart model string format: 26" Navigator 130 Lady 3-sp
(новая модель)
16:42:31,451  INFO FileReader:79 - Non-Standart model string format: 26" Navigator 150 Gent 1-sp
(новая модель)
16:42:31,451  INFO FileReader:79 - Non-Standart model string format: 26" Navigator 150 Lady 1-sp
(новая модель)
16:42:31,451  INFO FileReader:79 - Non-Standart model string format: 26" Navigator 150 Gent 3-sp
(новая модель)
16:42:31,451  INFO FileReader:79 - Non-Standart model string format: 26" Navigator 150 Lady 3-sp
(новая модель)
16:42:31,452  INFO FileReader:79 - Non-Standart model string format: 700C Cross 110 Lady
(новая модель)
16:42:31,452  INFO FileReader:79 - Non-Standart model string format: 700C Cross 110 Gent
(новая модель)
16:42:31,452  INFO FileReader:79 - Non-Standart model string format: 700C Cross 130 Gent  
(2013)
16:42:31,452  INFO FileReader:79 - Non-Standart model string format: 700C Cross 130 Gent                         (новая модель)
16:42:31,452  INFO FileReader:79 - Non-Standart model string format: 700C Cross 130 Lady                                    (новая модель)
16:42:31,452  INFO FileReader:79 - Non-Standart model string format: 700C Cross 150 Gent  
(2013)
16:42:31,452  INFO FileReader:79 - Non-Standart model string format: 700C Cross 150 Gent                            (новый дизайн)
16:42:31,453  INFO FileReader:79 - Non-Standart model string format: 700C Cross 150 Lady

16:42:31,453  INFO FileReader:79 - Non-Standart model string format: 700C Cross 170 Gent
16:42:31,453  INFO FileReader:79 - Non-Standart model string format: 700C Cross 170 Lady
16:42:31,455  INFO FileReader:79 - Non-Standart model string format: 26" ENERGY V
(новая модель)
16:42:31,455  INFO FileReader:79 - Non-Standart model string format: 20" BMX Tyrant
(новая модель)
16:42:31,455  INFO FileReader:79 - Non-Standart model string format: 20" BMX Saber S1
(новая модель)
16:42:31,455  INFO FileReader:79 - Non-Standart model string format: 20" BMX Saber S2
(новая модель)
16:42:31,455 ERROR FileReader:19 - java.lang.NullPointerException
16:43:22,317  INFO FileReader:79 - Non-Standart model string format: 16"Talisman (chrome)
16:43:22,340  INFO FileReader:79 - Non-Standart model string format: 27,5" Navigator 710 Disc (новая модель)
16:43:22,341  INFO FileReader:79 - Non-Standart model string format: 27,5" Navigator 730 Disc (новая модель)
16:43:22,341  INFO FileReader:79 - Non-Standart model string format: 27,5" Navigator 750 Disc (новая модель)
16:43:22,342  INFO FileReader:79 - Non-Standart model string format: 27,5" Navigator 770 Disc (новая модель)
16:43:22,342  INFO FileReader:79 - Non-Standart model string format: 27,5" Navigator 790 Disc (новая модель)
16:43:22,358  INFO FileReader:79 - Non-Standart model string format: 700C Cross 110 Lady (новая модель)
16:43:22,358  INFO FileReader:79 - Non-Standart model string format: 700C Cross 110 Gent (новая модель)
16:43:22,359  INFO FileReader:79 - Non-Standart model string format: 700C Cross 130 Gent   (2013)
16:43:22,360  INFO FileReader:79 - Non-Standart model string format: 700C Cross 130 Gent                         (новая модель)
16:43:22,360  INFO FileReader:79 - Non-Standart model string format: 700C Cross 130 Lady                                    (новая модель)
16:43:22,360  INFO FileReader:79 - Non-Standart model string format: 700C Cross 150 Gent   (2013)
16:43:22,361  INFO FileReader:79 - Non-Standart model string format: 700C Cross 150 Gent                            (новый дизайн)
16:43:22,361  INFO FileReader:79 - Non-Standart model string format: 700C Cross 150 Lady 
16:43:22,361  INFO FileReader:79 - Non-Standart model string format: 700C Cross 170 Gent
16:43:22,361  INFO FileReader:79 - Non-Standart model string format: 700C Cross 170 Lady
16:43:22,365 ERROR FileReader:19 - java.lang.NullPointerException
16:48:07,106  INFO FileReader:79 - Non-Standart model string format: 16"Talisman (chrome)
16:48:07,128  INFO FileReader:79 - Non-Standart model string format: 27,5" Navigator 710 Disc (новая модель)
16:48:07,129  INFO FileReader:79 - Non-Standart model string format: 27,5" Navigator 730 Disc (новая модель)
16:48:07,129  INFO FileReader:79 - Non-Standart model string format: 27,5" Navigator 750 Disc (новая модель)
16:48:07,130  INFO FileReader:79 - Non-Standart model string format: 27,5" Navigator 770 Disc (новая модель)
16:48:07,130  INFO FileReader:79 - Non-Standart model string format: 27,5" Navigator 790 Disc (новая модель)
16:48:07,147  INFO FileReader:79 - Non-Standart model string format: 700C Cross 110 Lady (новая модель)
16:48:07,147  INFO FileReader:79 - Non-Standart model string format: 700C Cross 110 Gent (новая модель)
16:48:07,147  INFO FileReader:79 - Non-Standart model string format: 700C Cross 130 Gent   (2013)
16:48:07,148  INFO FileReader:79 - Non-Standart model string format: 700C Cross 130 Gent                         (новая модель)
16:48:07,148  INFO FileReader:79 - Non-Standart model string format: 700C Cross 130 Lady                                    (новая модель)
16:48:07,148  INFO FileReader:79 - Non-Standart model string format: 700C Cross 150 Gent   (2013)
16:48:07,148  INFO FileReader:79 - Non-Standart model string format: 700C Cross 150 Gent                            (новый дизайн)
16:48:07,148  INFO FileReader:79 - Non-Standart model string format: 700C Cross 150 Lady 
16:48:07,148  INFO FileReader:79 - Non-Standart model string format: 700C Cross 170 Gent
16:48:07,148  INFO FileReader:79 - Non-Standart model string format: 700C Cross 170 Lady
16:48:07,151 ERROR FileReader:19 - java.lang.NullPointerException
16:51:05,515  INFO FileReader:80 - Non-Standart model string format: 16"Talisman (chrome)
16:51:05,538  INFO FileReader:80 - Non-Standart model string format: 27,5" Navigator 710 Disc (новая модель)
16:51:05,539  INFO FileReader:80 - Non-Standart model string format: 27,5" Navigator 730 Disc (новая модель)
16:51:05,540  INFO FileReader:80 - Non-Standart model string format: 27,5" Navigator 750 Disc (новая модель)
16:51:05,541  INFO FileReader:80 - Non-Standart model string format: 27,5" Navigator 770 Disc (новая модель)
16:51:05,541  INFO FileReader:80 - Non-Standart model string format: 27,5" Navigator 790 Disc (новая модель)
16:51:05,554  INFO FileReader:80 - Non-Standart model string format: 700C Cross 110 Lady (новая модель)
16:51:05,554  INFO FileReader:80 - Non-Standart model string format: 700C Cross 110 Gent (новая модель)
16:51:05,555  INFO FileReader:80 - Non-Standart model string format: 700C Cross 130 Gent   (2013)
16:51:05,555  INFO FileReader:80 - Non-Standart model string format: 700C Cross 130 Gent                         (новая модель)
16:51:05,555  INFO FileReader:80 - Non-Standart model string format: 700C Cross 130 Lady                                    (новая модель)
16:51:05,555  INFO FileReader:80 - Non-Standart model string format: 700C Cross 150 Gent   (2013)
16:51:05,555  INFO FileReader:80 - Non-Standart model string format: 700C Cross 150 Gent                            (новый дизайн)
16:51:05,555  INFO FileReader:80 - Non-Standart model string format: 700C Cross 150 Lady 
16:51:05,555  INFO FileReader:80 - Non-Standart model string format: 700C Cross 170 Gent
16:51:05,556  INFO FileReader:80 - Non-Standart model string format: 700C Cross 170 Lady
16:51:05,558 ERROR FileReader:19 - java.lang.NullPointerException
16:51:56,947  INFO FileReader:80 - Non-Standart model string format: 16"Talisman (chrome)
16:51:56,963  INFO FileReader:80 - Non-Standart model string format: 27,5" Navigator 710 Disc (новая модель)
16:51:56,964  INFO FileReader:80 - Non-Standart model string format: 27,5" Navigator 730 Disc (новая модель)
16:51:56,965  INFO FileReader:80 - Non-Standart model string format: 27,5" Navigator 750 Disc (новая модель)
16:51:56,966  INFO FileReader:80 - Non-Standart model string format: 27,5" Navigator 770 Disc (новая модель)
16:51:56,966  INFO FileReader:80 - Non-Standart model string format: 27,5" Navigator 790 Disc (новая модель)
16:51:56,980  INFO FileReader:80 - Non-Standart model string format: 700C Cross 110 Lady (новая модель)
16:51:56,980  INFO FileReader:80 - Non-Standart model string format: 700C Cross 110 Gent (новая модель)
16:51:56,980  INFO FileReader:80 - Non-Standart model string format: 700C Cross 130 Gent   (2013)
16:51:56,981  INFO FileReader:80 - Non-Standart model string format: 700C Cross 130 Gent                         (новая модель)
16:51:56,981  INFO FileReader:80 - Non-Standart model string format: 700C Cross 130 Lady                                    (новая модель)
16:51:56,981  INFO FileReader:80 - Non-Standart model string format: 700C Cross 150 Gent   (2013)
16:51:56,981  INFO FileReader:80 - Non-Standart model string format: 700C Cross 150 Gent                            (новый дизайн)
16:51:56,981  INFO FileReader:80 - Non-Standart model string format: 700C Cross 150 Lady 
16:51:56,981  INFO FileReader:80 - Non-Standart model string format: 700C Cross 170 Gent
16:51:56,982  INFO FileReader:80 - Non-Standart model string format: 700C Cross 170 Lady
16:51:56,985 ERROR FileReader:19 - java.lang.NullPointerException
